Performing C SOURCE FILE Test CMAKE_HAVE_LIBC_PTHREAD failed with the following output:
Change Dir: /home/leonid/CLionProjects/msu_cpp_spring_2022/02/cmake-build-debug/CMakeFiles/CMakeTmp

Run Build Command(s):/usr/bin/make -f Makefile cmTC_113e8/fast && /usr/bin/make  -f CMakeFiles/cmTC_113e8.dir/build.make CMakeFiles/cmTC_113e8.dir/build
make[1]: Entering directory '/home/leonid/CLionProjects/msu_cpp_spring_2022/02/cmake-build-debug/CMakeFiles/CMakeTmp'
Building C object CMakeFiles/cmTC_113e8.dir/src.c.o
/usr/bin/cc -DCMAKE_HAVE_LIBC_PTHREAD   -o CMakeFiles/cmTC_113e8.dir/src.c.o -c /home/leonid/CLionProjects/msu_cpp_spring_2022/02/cmake-build-debug/CMakeFiles/CMakeTmp/src.c
Linking C executable cmTC_113e8
/home/leonid/.local/share/JetBrains/Toolbox/apps/CLion/ch-0/212.5457.51/bin/cmake/linux/bin/cmake -E cmake_link_script CMakeFiles/cmTC_113e8.dir/link.txt --verbose=1
/usr/bin/cc -rdynamic CMakeFiles/cmTC_113e8.dir/src.c.o -o cmTC_113e8 
/usr/bin/ld: CMakeFiles/cmTC_113e8.dir/src.c.o: in function `main':
src.c:(.text+0x3e): undefined reference to `pthread_create'
/usr/bin/ld: src.c:(.text+0x4a): undefined reference to `pthread_detach'
/usr/bin/ld: src.c:(.text+0x56): undefined reference to `pthread_cancel'
/usr/bin/ld: src.c:(.text+0x67): undefined reference to `pthread_join'
collect2: error: ld returned 1 exit status
make[1]: *** [CMakeFiles/cmTC_113e8.dir/build.make:99: cmTC_113e8] Error 1
make[1]: Leaving directory '/home/leonid/CLionProjects/msu_cpp_spring_2022/02/cmake-build-debug/CMakeFiles/CMakeTmp'
make: *** [Makefile:127: cmTC_113e8/fast] Error 2


Source file was:
#include <pthread.h>

static void* test_func(void* data)
{
  return data;
}

int main(void)
{
  pthread_t thread;
  pthread_create(&thread, NULL, test_func, NULL);
  pthread_detach(thread);
  pthread_cancel(thread);
  pthread_join(thread, NULL);
  pthread_atfork(NULL, NULL, NULL);
  pthread_exit(NULL);

  return 0;
}

Determining if the function pthread_create exists in the pthreads failed with the following output:
Change Dir: /home/leonid/CLionProjects/msu_cpp_spring_2022/02/cmake-build-debug/CMakeFiles/CMakeTmp

Run Build Command(s):/usr/bin/make -f Makefile cmTC_3f00e/fast && /usr/bin/make  -f CMakeFiles/cmTC_3f00e.dir/build.make CMakeFiles/cmTC_3f00e.dir/build
make[1]: Entering directory '/home/leonid/CLionProjects/msu_cpp_spring_2022/02/cmake-build-debug/CMakeFiles/CMakeTmp'
Building C object CMakeFiles/cmTC_3f00e.dir/CheckFunctionExists.c.o
/usr/bin/cc   -DCHECK_FUNCTION_EXISTS=pthread_create -o CMakeFiles/cmTC_3f00e.dir/CheckFunctionExists.c.o -c /home/leonid/.local/share/JetBrains/Toolbox/apps/CLion/ch-0/212.5457.51/bin/cmake/linux/share/cmake-3.20/Modules/CheckFunctionExists.c
Linking C executable cmTC_3f00e
/home/leonid/.local/share/JetBrains/Toolbox/apps/CLion/ch-0/212.5457.51/bin/cmake/linux/bin/cmake -E cmake_link_script CMakeFiles/cmTC_3f00e.dir/link.txt --verbose=1
/usr/bin/cc  -DCHECK_FUNCTION_EXISTS=pthread_create -rdynamic CMakeFiles/cmTC_3f00e.dir/CheckFunctionExists.c.o -o cmTC_3f00e  -lpthreads 
/usr/bin/ld: cannot find -lpthreads
collect2: error: ld returned 1 exit status
make[1]: *** [CMakeFiles/cmTC_3f00e.dir/build.make:99: cmTC_3f00e] Error 1
make[1]: Leaving directory '/home/leonid/CLionProjects/msu_cpp_spring_2022/02/cmake-build-debug/CMakeFiles/CMakeTmp'
make: *** [Makefile:127: cmTC_3f00e/fast] Error 2



